# GRC configuration for log files (used by tail, head, cat)

# error messages
regexp=\b(ERROR|Error|error|FAIL|Fail|fail|CRITICAL|Critical|critical|FATAL|Fatal|fatal)\b
colours=bold red
count=more
-

# warning messages
regexp=\b(WARNING|Warning|warning|WARN|Warn|warn)\b
colours=bold yellow
count=more
-

# info messages
regexp=\b(INFO|Info|info)\b
colours=bold green
count=more
-

# debug messages
regexp=\b(DEBUG|Debug|debug|TRACE|Trace|trace)\b
colours=bold blue
count=more
-

# timestamps - ISO format
regexp=\d{4}-\d{2}-\d{2}T\d{2}:\d{2}:\d{2}(\.\d+)?(Z|[+-]\d{2}:\d{2})
colours=cyan
count=more
-

# timestamps - common log format
regexp=\d{2}/\w{3}/\d{4}:\d{2}:\d{2}:\d{2}
colours=cyan
count=more
-

# timestamps - simple format
regexp=\d{4}-\d{2}-\d{2} \d{2}:\d{2}:\d{2}
colours=cyan
count=more
-

# IP addresses
regexp=\b\d{1,3}\.\d{1,3}\.\d{1,3}\.\d{1,3}\b
colours=magenta
count=more
-

# HTTP status codes - success (2xx)
regexp=\b(200|201|202|203|204|205|206|207|208|226)\b
colours=bold green
count=more
-

# HTTP status codes - redirection (3xx)
regexp=\b(300|301|302|303|304|305|306|307|308)\b
colours=bold cyan
count=more
-

# HTTP status codes - client error (4xx)
regexp=\b(400|401|402|403|404|405|406|407|408|409|410|411|412|413|414|415|416|417|418|421|422|423|424|425|426|428|429|431|451)\b
colours=bold yellow
count=more
-

# HTTP status codes - server error (5xx)
regexp=\b(500|501|502|503|504|505|506|507|508|510|511)\b
colours=bold red
count=more
-

# JSON keys
regexp="([^"]+)"(?=\s*:)
colours=blue
count=more
-

# URLs
regexp=(https?|ftp)://[^\s"']+
colours=underline green
count=more
